{"/Users/lonnyangell/dev/stocks/server.ts": {"path":"/Users/lonnyangell/dev/stocks/server.ts","statementMap":{"0":{"start":{"line":6,"column":0},"end":{"line":6,"column":null}},"1":{"start":{"line":8,"column":6},"end":{"line":8,"column":null}},"2":{"start":{"line":9,"column":13},"end":{"line":9,"column":null}},"3":{"start":{"line":12,"column":0},"end":{"line":12,"column":null}},"4":{"start":{"line":13,"column":0},"end":{"line":13,"column":null}},"5":{"start":{"line":16,"column":17},"end":{"line":16,"column":null}},"6":{"start":{"line":24,"column":0},"end":{"line":39,"column":null}},"7":{"start":{"line":25,"column":2},"end":{"line":38,"column":null}},"8":{"start":{"line":26,"column":29},"end":{"line":26,"column":null}},"9":{"start":{"line":28,"column":4},"end":{"line":31,"column":null}},"10":{"start":{"line":29,"column":6},"end":{"line":29,"column":null}},"11":{"start":{"line":30,"column":6},"end":{"line":30,"column":null}},"12":{"start":{"line":33,"column":19},"end":{"line":33,"column":null}},"13":{"start":{"line":34,"column":4},"end":{"line":34,"column":null}},"14":{"start":{"line":36,"column":4},"end":{"line":36,"column":null}},"15":{"start":{"line":37,"column":4},"end":{"line":37,"column":null}},"16":{"start":{"line":45,"column":0},"end":{"line":57,"column":null}},"17":{"start":{"line":46,"column":2},"end":{"line":56,"column":null}},"18":{"start":{"line":47,"column":4},"end":{"line":47,"column":null}},"19":{"start":{"line":48,"column":38},"end":{"line":48,"column":null}},"20":{"start":{"line":49,"column":4},"end":{"line":49,"column":null}},"21":{"start":{"line":50,"column":19},"end":{"line":50,"column":null}},"22":{"start":{"line":51,"column":4},"end":{"line":51,"column":null}},"23":{"start":{"line":52,"column":4},"end":{"line":52,"column":null}},"24":{"start":{"line":54,"column":4},"end":{"line":54,"column":null}},"25":{"start":{"line":55,"column":4},"end":{"line":55,"column":null}},"26":{"start":{"line":63,"column":0},"end":{"line":71,"column":null}},"27":{"start":{"line":64,"column":2},"end":{"line":70,"column":null}},"28":{"start":{"line":65,"column":32},"end":{"line":65,"column":null}},"29":{"start":{"line":66,"column":19},"end":{"line":66,"column":null}},"30":{"start":{"line":67,"column":4},"end":{"line":67,"column":null}},"31":{"start":{"line":69,"column":4},"end":{"line":69,"column":null}},"32":{"start":{"line":77,"column":0},"end":{"line":85,"column":null}},"33":{"start":{"line":78,"column":2},"end":{"line":84,"column":null}},"34":{"start":{"line":79,"column":32},"end":{"line":79,"column":null}},"35":{"start":{"line":80,"column":19},"end":{"line":80,"column":null}},"36":{"start":{"line":81,"column":4},"end":{"line":81,"column":null}},"37":{"start":{"line":83,"column":4},"end":{"line":83,"column":null}},"38":{"start":{"line":91,"column":0},"end":{"line":99,"column":null}},"39":{"start":{"line":92,"column":2},"end":{"line":98,"column":null}},"40":{"start":{"line":93,"column":32},"end":{"line":93,"column":null}},"41":{"start":{"line":94,"column":19},"end":{"line":94,"column":null}},"42":{"start":{"line":95,"column":4},"end":{"line":95,"column":null}},"43":{"start":{"line":97,"column":4},"end":{"line":97,"column":null}},"44":{"start":{"line":105,"column":0},"end":{"line":113,"column":null}},"45":{"start":{"line":106,"column":2},"end":{"line":112,"column":null}},"46":{"start":{"line":107,"column":32},"end":{"line":107,"column":null}},"47":{"start":{"line":108,"column":19},"end":{"line":108,"column":null}},"48":{"start":{"line":109,"column":4},"end":{"line":109,"column":null}},"49":{"start":{"line":111,"column":4},"end":{"line":111,"column":null}},"50":{"start":{"line":119,"column":0},"end":{"line":127,"column":null}},"51":{"start":{"line":120,"column":2},"end":{"line":126,"column":null}},"52":{"start":{"line":121,"column":34},"end":{"line":121,"column":null}},"53":{"start":{"line":122,"column":19},"end":{"line":122,"column":null}},"54":{"start":{"line":123,"column":4},"end":{"line":123,"column":null}},"55":{"start":{"line":125,"column":4},"end":{"line":125,"column":null}},"56":{"start":{"line":133,"column":0},"end":{"line":160,"column":null}},"57":{"start":{"line":134,"column":2},"end":{"line":159,"column":null}},"58":{"start":{"line":135,"column":24},"end":{"line":135,"column":null}},"59":{"start":{"line":137,"column":4},"end":{"line":140,"column":null}},"60":{"start":{"line":138,"column":6},"end":{"line":138,"column":null}},"61":{"start":{"line":139,"column":6},"end":{"line":139,"column":null}},"62":{"start":{"line":142,"column":4},"end":{"line":142,"column":null}},"63":{"start":{"line":144,"column":17},"end":{"line":146,"column":null}},"64":{"start":{"line":145,"column":38},"end":{"line":145,"column":75}},"65":{"start":{"line":148,"column":24},"end":{"line":148,"column":null}},"66":{"start":{"line":148,"column":43},"end":{"line":148,"column":53}},"67":{"start":{"line":149,"column":4},"end":{"line":149,"column":null}},"68":{"start":{"line":151,"column":4},"end":{"line":155,"column":null}},"69":{"start":{"line":157,"column":4},"end":{"line":157,"column":null}},"70":{"start":{"line":158,"column":4},"end":{"line":158,"column":null}},"71":{"start":{"line":166,"column":0},"end":{"line":178,"column":null}},"72":{"start":{"line":167,"column":2},"end":{"line":177,"column":null}},"73":{"start":{"line":168,"column":23},"end":{"line":168,"column":null}},"74":{"start":{"line":169,"column":18},"end":{"line":169,"column":null}},"75":{"start":{"line":170,"column":4},"end":{"line":173,"column":null}},"76":{"start":{"line":171,"column":6},"end":{"line":171,"column":null}},"77":{"start":{"line":172,"column":6},"end":{"line":172,"column":null}},"78":{"start":{"line":174,"column":4},"end":{"line":174,"column":null}},"79":{"start":{"line":176,"column":4},"end":{"line":176,"column":null}},"80":{"start":{"line":184,"column":0},"end":{"line":196,"column":null}},"81":{"start":{"line":185,"column":53},"end":{"line":194,"column":null}},"82":{"start":{"line":195,"column":2},"end":{"line":195,"column":null}},"83":{"start":{"line":201,"column":0},"end":{"line":203,"column":null}},"84":{"start":{"line":202,"column":2},"end":{"line":202,"column":null}},"85":{"start":{"line":206,"column":0},"end":{"line":209,"column":null}},"86":{"start":{"line":207,"column":2},"end":{"line":207,"column":null}},"87":{"start":{"line":208,"column":2},"end":{"line":208,"column":null}},"88":{"start":{"line":212,"column":0},"end":{"line":215,"column":null}},"89":{"start":{"line":213,"column":2},"end":{"line":213,"column":null}},"90":{"start":{"line":214,"column":2},"end":{"line":214,"column":null}}},"fnMap":{"0":{"name":"(anonymous_0)","decl":{"start":{"line":24,"column":35},"end":{"line":24,"column":42}},"loc":{"start":{"line":24,"column":55},"end":{"line":39,"column":1}},"line":24},"1":{"name":"(anonymous_1)","decl":{"start":{"line":45,"column":24},"end":{"line":45,"column":31}},"loc":{"start":{"line":45,"column":44},"end":{"line":57,"column":1}},"line":45},"2":{"name":"(anonymous_2)","decl":{"start":{"line":63,"column":35},"end":{"line":63,"column":42}},"loc":{"start":{"line":63,"column":55},"end":{"line":71,"column":1}},"line":63},"3":{"name":"(anonymous_3)","decl":{"start":{"line":77,"column":27},"end":{"line":77,"column":34}},"loc":{"start":{"line":77,"column":47},"end":{"line":85,"column":1}},"line":77},"4":{"name":"(anonymous_4)","decl":{"start":{"line":91,"column":33},"end":{"line":91,"column":40}},"loc":{"start":{"line":91,"column":53},"end":{"line":99,"column":1}},"line":91},"5":{"name":"(anonymous_5)","decl":{"start":{"line":105,"column":28},"end":{"line":105,"column":35}},"loc":{"start":{"line":105,"column":48},"end":{"line":113,"column":1}},"line":105},"6":{"name":"(anonymous_6)","decl":{"start":{"line":119,"column":34},"end":{"line":119,"column":41}},"loc":{"start":{"line":119,"column":54},"end":{"line":127,"column":1}},"line":119},"7":{"name":"(anonymous_7)","decl":{"start":{"line":133,"column":34},"end":{"line":133,"column":41}},"loc":{"start":{"line":133,"column":54},"end":{"line":160,"column":1}},"line":133},"8":{"name":"(anonymous_8)","decl":{"start":{"line":145,"column":18},"end":{"line":145,"column":19}},"loc":{"start":{"line":145,"column":38},"end":{"line":145,"column":75}},"line":145},"9":{"name":"(anonymous_9)","decl":{"start":{"line":148,"column":36},"end":{"line":148,"column":37}},"loc":{"start":{"line":148,"column":43},"end":{"line":148,"column":53}},"line":148},"10":{"name":"(anonymous_10)","decl":{"start":{"line":166,"column":30},"end":{"line":166,"column":37}},"loc":{"start":{"line":166,"column":50},"end":{"line":178,"column":1}},"line":166},"11":{"name":"(anonymous_11)","decl":{"start":{"line":184,"column":25},"end":{"line":184,"column":26}},"loc":{"start":{"line":184,"column":39},"end":{"line":196,"column":1}},"line":184},"12":{"name":"(anonymous_12)","decl":{"start":{"line":201,"column":23},"end":{"line":201,"column":24}},"loc":{"start":{"line":201,"column":37},"end":{"line":203,"column":1}},"line":201},"13":{"name":"(anonymous_13)","decl":{"start":{"line":206,"column":8},"end":{"line":206,"column":9}},"loc":{"start":{"line":206,"column":95},"end":{"line":209,"column":1}},"line":206},"14":{"name":"(anonymous_14)","decl":{"start":{"line":212,"column":17},"end":{"line":212,"column":23}},"loc":{"start":{"line":212,"column":23},"end":{"line":215,"column":1}},"line":212}},"branchMap":{"0":{"loc":{"start":{"line":9,"column":22},"end":{"line":9,"column":48}},"type":"binary-expr","locations":[{"start":{"line":9,"column":22},"end":{"line":9,"column":42}},{"start":{"line":9,"column":42},"end":{"line":9,"column":48}}],"line":9},"1":{"loc":{"start":{"line":28,"column":4},"end":{"line":31,"column":null}},"type":"if","locations":[{"start":{"line":28,"column":4},"end":{"line":31,"column":null}},{"start":{},"end":{}}],"line":28},"2":{"loc":{"start":{"line":33,"column":58},"end":{"line":33,"column":69}},"type":"binary-expr","locations":[{"start":{"line":33,"column":58},"end":{"line":33,"column":67}},{"start":{"line":33,"column":67},"end":{"line":33,"column":69}}],"line":33},"3":{"loc":{"start":{"line":37,"column":34},"end":{"line":37,"column":111}},"type":"cond-expr","locations":[{"start":{"line":37,"column":59},"end":{"line":37,"column":75}},{"start":{"line":37,"column":75},"end":{"line":37,"column":111}}],"line":37},"4":{"loc":{"start":{"line":55,"column":34},"end":{"line":55,"column":101}},"type":"cond-expr","locations":[{"start":{"line":55,"column":59},"end":{"line":55,"column":75}},{"start":{"line":55,"column":75},"end":{"line":55,"column":101}}],"line":55},"5":{"loc":{"start":{"line":66,"column":62},"end":{"line":66,"column":73}},"type":"binary-expr","locations":[{"start":{"line":66,"column":62},"end":{"line":66,"column":71}},{"start":{"line":66,"column":71},"end":{"line":66,"column":73}}],"line":66},"6":{"loc":{"start":{"line":69,"column":34},"end":{"line":69,"column":101}},"type":"cond-expr","locations":[{"start":{"line":69,"column":59},"end":{"line":69,"column":75}},{"start":{"line":69,"column":75},"end":{"line":69,"column":101}}],"line":69},"7":{"loc":{"start":{"line":80,"column":60},"end":{"line":80,"column":71}},"type":"binary-expr","locations":[{"start":{"line":80,"column":60},"end":{"line":80,"column":69}},{"start":{"line":80,"column":69},"end":{"line":80,"column":71}}],"line":80},"8":{"loc":{"start":{"line":83,"column":34},"end":{"line":83,"column":101}},"type":"cond-expr","locations":[{"start":{"line":83,"column":59},"end":{"line":83,"column":75}},{"start":{"line":83,"column":75},"end":{"line":83,"column":101}}],"line":83},"9":{"loc":{"start":{"line":94,"column":61},"end":{"line":94,"column":73}},"type":"binary-expr","locations":[{"start":{"line":94,"column":61},"end":{"line":94,"column":68}},{"start":{"line":94,"column":68},"end":{"line":94,"column":73}}],"line":94},"10":{"loc":{"start":{"line":94,"column":73},"end":{"line":94,"column":84}},"type":"binary-expr","locations":[{"start":{"line":94,"column":73},"end":{"line":94,"column":82}},{"start":{"line":94,"column":82},"end":{"line":94,"column":84}}],"line":94},"11":{"loc":{"start":{"line":97,"column":34},"end":{"line":97,"column":101}},"type":"cond-expr","locations":[{"start":{"line":97,"column":59},"end":{"line":97,"column":75}},{"start":{"line":97,"column":75},"end":{"line":97,"column":101}}],"line":97},"12":{"loc":{"start":{"line":108,"column":51},"end":{"line":108,"column":63}},"type":"binary-expr","locations":[{"start":{"line":108,"column":51},"end":{"line":108,"column":58}},{"start":{"line":108,"column":58},"end":{"line":108,"column":63}}],"line":108},"13":{"loc":{"start":{"line":108,"column":63},"end":{"line":108,"column":74}},"type":"binary-expr","locations":[{"start":{"line":108,"column":63},"end":{"line":108,"column":72}},{"start":{"line":108,"column":72},"end":{"line":108,"column":74}}],"line":108},"14":{"loc":{"start":{"line":111,"column":34},"end":{"line":111,"column":101}},"type":"cond-expr","locations":[{"start":{"line":111,"column":59},"end":{"line":111,"column":75}},{"start":{"line":111,"column":75},"end":{"line":111,"column":101}}],"line":111},"15":{"loc":{"start":{"line":122,"column":63},"end":{"line":122,"column":74}},"type":"binary-expr","locations":[{"start":{"line":122,"column":63},"end":{"line":122,"column":72}},{"start":{"line":122,"column":72},"end":{"line":122,"column":74}}],"line":122},"16":{"loc":{"start":{"line":125,"column":34},"end":{"line":125,"column":101}},"type":"cond-expr","locations":[{"start":{"line":125,"column":59},"end":{"line":125,"column":75}},{"start":{"line":125,"column":75},"end":{"line":125,"column":101}}],"line":125},"17":{"loc":{"start":{"line":137,"column":4},"end":{"line":140,"column":null}},"type":"if","locations":[{"start":{"line":137,"column":4},"end":{"line":140,"column":null}},{"start":{},"end":{}}],"line":137},"18":{"loc":{"start":{"line":137,"column":8},"end":{"line":137,"column":69}},"type":"binary-expr","locations":[{"start":{"line":137,"column":8},"end":{"line":137,"column":20}},{"start":{"line":137,"column":20},"end":{"line":137,"column":47}},{"start":{"line":137,"column":47},"end":{"line":137,"column":69}}],"line":137},"19":{"loc":{"start":{"line":158,"column":34},"end":{"line":158,"column":104}},"type":"cond-expr","locations":[{"start":{"line":158,"column":59},"end":{"line":158,"column":75}},{"start":{"line":158,"column":75},"end":{"line":158,"column":104}}],"line":158},"20":{"loc":{"start":{"line":170,"column":4},"end":{"line":173,"column":null}},"type":"if","locations":[{"start":{"line":170,"column":4},"end":{"line":173,"column":null}},{"start":{},"end":{}}],"line":170},"21":{"loc":{"start":{"line":176,"column":34},"end":{"line":176,"column":97}},"type":"cond-expr","locations":[{"start":{"line":176,"column":59},"end":{"line":176,"column":75}},{"start":{"line":176,"column":75},"end":{"line":176,"column":97}}],"line":176}},"s":{"0":0,"1":0,"2":0,"3":0,"4":0,"5":0,"6":0,"7":0,"8":0,"9":0,"10":0,"11":0,"12":0,"13":0,"14":0,"15":0,"16":0,"17":0,"18":0,"19":0,"20":0,"21":0,"22":0,"23":0,"24":0,"25":0,"26":0,"27":0,"28":0,"29":0,"30":0,"31":0,"32":0,"33":0,"34":0,"35":0,"36":0,"37":0,"38":0,"39":0,"40":0,"41":0,"42":0,"43":0,"44":0,"45":0,"46":0,"47":0,"48":0,"49":0,"50":0,"51":0,"52":0,"53":0,"54":0,"55":0,"56":0,"57":0,"58":0,"59":0,"60":0,"61":0,"62":0,"63":0,"64":0,"65":0,"66":0,"67":0,"68":0,"69":0,"70":0,"71":0,"72":0,"73":0,"74":0,"75":0,"76":0,"77":0,"78":0,"79":0,"80":0,"81":0,"82":0,"83":0,"84":0,"85":0,"86":0,"87":0,"88":0,"89":0,"90":0},"f":{"0":0,"1":0,"2":0,"3":0,"4":0,"5":0,"6":0,"7":0,"8":0,"9":0,"10":0,"11":0,"12":0,"13":0,"14":0},"b":{"0":[0,0],"1":[0,0],"2":[0,0],"3":[0,0],"4":[0,0],"5":[0,0],"6":[0,0],"7":[0,0],"8":[0,0],"9":[0,0],"10":[0,0],"11":[0,0],"12":[0,0],"13":[0,0],"14":[0,0],"15":[0,0],"16":[0,0],"17":[0,0],"18":[0,0,0],"19":[0,0],"20":[0,0],"21":[0,0]},"meta":{"lastBranch":22,"lastFunction":15,"lastStatement":91,"seen":{"s:6:0:6:Infinity":0,"s:8:6:8:Infinity":1,"s:9:13:9:Infinity":2,"b:9:22:9:42:9:42:9:48":0,"s:12:0:12:Infinity":3,"s:13:0:13:Infinity":4,"s:16:17:16:Infinity":5,"s:24:0:39:Infinity":6,"f:24:35:24:42":0,"s:25:2:38:Infinity":7,"s:26:29:26:Infinity":8,"b:28:4:31:Infinity:undefined:undefined:undefined:undefined":1,"s:28:4:31:Infinity":9,"s:29:6:29:Infinity":10,"s:30:6:30:Infinity":11,"s:33:19:33:Infinity":12,"b:33:58:33:67:33:67:33:69":2,"s:34:4:34:Infinity":13,"s:36:4:36:Infinity":14,"s:37:4:37:Infinity":15,"b:37:59:37:75:37:75:37:111":3,"s:45:0:57:Infinity":16,"f:45:24:45:31":1,"s:46:2:56:Infinity":17,"s:47:4:47:Infinity":18,"s:48:38:48:Infinity":19,"s:49:4:49:Infinity":20,"s:50:19:50:Infinity":21,"s:51:4:51:Infinity":22,"s:52:4:52:Infinity":23,"s:54:4:54:Infinity":24,"s:55:4:55:Infinity":25,"b:55:59:55:75:55:75:55:101":4,"s:63:0:71:Infinity":26,"f:63:35:63:42":2,"s:64:2:70:Infinity":27,"s:65:32:65:Infinity":28,"s:66:19:66:Infinity":29,"b:66:62:66:71:66:71:66:73":5,"s:67:4:67:Infinity":30,"s:69:4:69:Infinity":31,"b:69:59:69:75:69:75:69:101":6,"s:77:0:85:Infinity":32,"f:77:27:77:34":3,"s:78:2:84:Infinity":33,"s:79:32:79:Infinity":34,"s:80:19:80:Infinity":35,"b:80:60:80:69:80:69:80:71":7,"s:81:4:81:Infinity":36,"s:83:4:83:Infinity":37,"b:83:59:83:75:83:75:83:101":8,"s:91:0:99:Infinity":38,"f:91:33:91:40":4,"s:92:2:98:Infinity":39,"s:93:32:93:Infinity":40,"s:94:19:94:Infinity":41,"b:94:61:94:68:94:68:94:73":9,"b:94:73:94:82:94:82:94:84":10,"s:95:4:95:Infinity":42,"s:97:4:97:Infinity":43,"b:97:59:97:75:97:75:97:101":11,"s:105:0:113:Infinity":44,"f:105:28:105:35":5,"s:106:2:112:Infinity":45,"s:107:32:107:Infinity":46,"s:108:19:108:Infinity":47,"b:108:51:108:58:108:58:108:63":12,"b:108:63:108:72:108:72:108:74":13,"s:109:4:109:Infinity":48,"s:111:4:111:Infinity":49,"b:111:59:111:75:111:75:111:101":14,"s:119:0:127:Infinity":50,"f:119:34:119:41":6,"s:120:2:126:Infinity":51,"s:121:34:121:Infinity":52,"s:122:19:122:Infinity":53,"b:122:63:122:72:122:72:122:74":15,"s:123:4:123:Infinity":54,"s:125:4:125:Infinity":55,"b:125:59:125:75:125:75:125:101":16,"s:133:0:160:Infinity":56,"f:133:34:133:41":7,"s:134:2:159:Infinity":57,"s:135:24:135:Infinity":58,"b:137:4:140:Infinity:undefined:undefined:undefined:undefined":17,"s:137:4:140:Infinity":59,"b:137:8:137:20:137:20:137:47:137:47:137:69":18,"s:138:6:138:Infinity":60,"s:139:6:139:Infinity":61,"s:142:4:142:Infinity":62,"s:144:17:146:Infinity":63,"f:145:18:145:19":8,"s:145:38:145:75":64,"s:148:24:148:Infinity":65,"f:148:36:148:37":9,"s:148:43:148:53":66,"s:149:4:149:Infinity":67,"s:151:4:155:Infinity":68,"s:157:4:157:Infinity":69,"s:158:4:158:Infinity":70,"b:158:59:158:75:158:75:158:104":19,"s:166:0:178:Infinity":71,"f:166:30:166:37":10,"s:167:2:177:Infinity":72,"s:168:23:168:Infinity":73,"s:169:18:169:Infinity":74,"b:170:4:173:Infinity:undefined:undefined:undefined:undefined":20,"s:170:4:173:Infinity":75,"s:171:6:171:Infinity":76,"s:172:6:172:Infinity":77,"s:174:4:174:Infinity":78,"s:176:4:176:Infinity":79,"b:176:59:176:75:176:75:176:97":21,"s:184:0:196:Infinity":80,"f:184:25:184:26":11,"s:185:53:194:Infinity":81,"s:195:2:195:Infinity":82,"s:201:0:203:Infinity":83,"f:201:23:201:24":12,"s:202:2:202:Infinity":84,"s:206:0:209:Infinity":85,"f:206:8:206:9":13,"s:207:2:207:Infinity":86,"s:208:2:208:Infinity":87,"s:212:0:215:Infinity":88,"f:212:17:212:23":14,"s:213:2:213:Infinity":89,"s:214:2:214:Infinity":90}}}
,"/Users/lonnyangell/dev/stocks/api/src/yahoo-client.ts": {"path":"/Users/lonnyangell/dev/stocks/api/src/yahoo-client.ts","statementMap":{"0":{"start":{"line":44,"column":2},"end":{"line":79,"column":null}},"1":{"start":{"line":83,"column":4},"end":{"line":83,"column":null}},"2":{"start":{"line":90,"column":4},"end":{"line":130,"column":null}},"3":{"start":{"line":91,"column":6},"end":{"line":91,"column":null}},"4":{"start":{"line":92,"column":26},"end":{"line":92,"column":null}},"5":{"start":{"line":94,"column":6},"end":{"line":97,"column":null}},"6":{"start":{"line":95,"column":8},"end":{"line":95,"column":null}},"7":{"start":{"line":96,"column":8},"end":{"line":96,"column":null}},"8":{"start":{"line":99,"column":20},"end":{"line":99,"column":null}},"9":{"start":{"line":100,"column":28},"end":{"line":100,"column":null}},"10":{"start":{"line":101,"column":18},"end":{"line":101,"column":null}},"11":{"start":{"line":104,"column":29},"end":{"line":104,"column":null}},"12":{"start":{"line":105,"column":27},"end":{"line":105,"column":null}},"13":{"start":{"line":107,"column":27},"end":{"line":123,"column":null}},"14":{"start":{"line":125,"column":6},"end":{"line":125,"column":null}},"15":{"start":{"line":126,"column":6},"end":{"line":126,"column":null}},"16":{"start":{"line":128,"column":6},"end":{"line":128,"column":null}},"17":{"start":{"line":129,"column":6},"end":{"line":129,"column":null}},"18":{"start":{"line":137,"column":4},"end":{"line":157,"column":null}},"19":{"start":{"line":138,"column":6},"end":{"line":138,"column":null}},"20":{"start":{"line":139,"column":21},"end":{"line":141,"column":null}},"21":{"start":{"line":140,"column":37},"end":{"line":140,"column":62}},"22":{"start":{"line":143,"column":26},"end":{"line":143,"column":null}},"23":{"start":{"line":143,"column":59},"end":{"line":143,"column":69}},"24":{"start":{"line":144,"column":6},"end":{"line":144,"column":null}},"25":{"start":{"line":146,"column":23},"end":{"line":146,"column":null}},"26":{"start":{"line":147,"column":6},"end":{"line":147,"column":null}},"27":{"start":{"line":149,"column":6},"end":{"line":153,"column":null}},"28":{"start":{"line":155,"column":6},"end":{"line":155,"column":null}},"29":{"start":{"line":156,"column":6},"end":{"line":156,"column":null}},"30":{"start":{"line":164,"column":38},"end":{"line":168,"column":null}},"31":{"start":{"line":169,"column":4},"end":{"line":169,"column":null}},"32":{"start":{"line":176,"column":38},"end":{"line":180,"column":null}},"33":{"start":{"line":181,"column":4},"end":{"line":181,"column":null}},"34":{"start":{"line":188,"column":38},"end":{"line":191,"column":null}},"35":{"start":{"line":192,"column":4},"end":{"line":194,"column":null}},"36":{"start":{"line":193,"column":6},"end":{"line":193,"column":null}},"37":{"start":{"line":195,"column":4},"end":{"line":195,"column":null}},"38":{"start":{"line":202,"column":38},"end":{"line":205,"column":null}},"39":{"start":{"line":206,"column":4},"end":{"line":208,"column":null}},"40":{"start":{"line":207,"column":6},"end":{"line":207,"column":null}},"41":{"start":{"line":209,"column":4},"end":{"line":209,"column":null}},"42":{"start":{"line":216,"column":38},"end":{"line":219,"column":null}},"43":{"start":{"line":220,"column":4},"end":{"line":220,"column":null}},"44":{"start":{"line":227,"column":4},"end":{"line":227,"column":null}},"45":{"start":{"line":234,"column":4},"end":{"line":234,"column":null}},"46":{"start":{"line":234,"column":24},"end":{"line":234,"column":null}},"47":{"start":{"line":235,"column":4},"end":{"line":235,"column":null}},"48":{"start":{"line":242,"column":4},"end":{"line":292,"column":null}},"49":{"start":{"line":244,"column":6},"end":{"line":246,"column":null}},"50":{"start":{"line":245,"column":8},"end":{"line":245,"column":null}},"51":{"start":{"line":247,"column":6},"end":{"line":249,"column":null}},"52":{"start":{"line":248,"column":8},"end":{"line":248,"column":null}},"53":{"start":{"line":252,"column":6},"end":{"line":254,"column":null}},"54":{"start":{"line":253,"column":8},"end":{"line":253,"column":null}},"55":{"start":{"line":255,"column":6},"end":{"line":257,"column":null}},"56":{"start":{"line":256,"column":8},"end":{"line":256,"column":null}},"57":{"start":{"line":260,"column":6},"end":{"line":262,"column":null}},"58":{"start":{"line":261,"column":8},"end":{"line":261,"column":null}},"59":{"start":{"line":263,"column":6},"end":{"line":265,"column":null}},"60":{"start":{"line":264,"column":8},"end":{"line":264,"column":null}},"61":{"start":{"line":268,"column":6},"end":{"line":270,"column":null}},"62":{"start":{"line":269,"column":8},"end":{"line":269,"column":null}},"63":{"start":{"line":273,"column":6},"end":{"line":278,"column":null}},"64":{"start":{"line":274,"column":23},"end":{"line":274,"column":null}},"65":{"start":{"line":275,"column":8},"end":{"line":277,"column":null}},"66":{"start":{"line":276,"column":10},"end":{"line":276,"column":null}},"67":{"start":{"line":279,"column":6},"end":{"line":284,"column":null}},"68":{"start":{"line":280,"column":23},"end":{"line":280,"column":null}},"69":{"start":{"line":281,"column":8},"end":{"line":283,"column":null}},"70":{"start":{"line":282,"column":10},"end":{"line":282,"column":null}},"71":{"start":{"line":287,"column":6},"end":{"line":289,"column":null}},"72":{"start":{"line":288,"column":8},"end":{"line":288,"column":null}},"73":{"start":{"line":291,"column":6},"end":{"line":291,"column":null}},"74":{"start":{"line":299,"column":4},"end":{"line":338,"column":null}},"75":{"start":{"line":300,"column":6},"end":{"line":300,"column":null}},"76":{"start":{"line":301,"column":26},"end":{"line":304,"column":null}},"77":{"start":{"line":306,"column":6},"end":{"line":309,"column":null}},"78":{"start":{"line":307,"column":8},"end":{"line":307,"column":null}},"79":{"start":{"line":308,"column":8},"end":{"line":308,"column":null}},"80":{"start":{"line":311,"column":30},"end":{"line":327,"column":null}},"81":{"start":{"line":311,"column":65},"end":{"line":327,"column":8}},"82":{"start":{"line":329,"column":6},"end":{"line":329,"column":null}},"83":{"start":{"line":330,"column":6},"end":{"line":334,"column":null}},"84":{"start":{"line":336,"column":6},"end":{"line":336,"column":null}},"85":{"start":{"line":337,"column":6},"end":{"line":337,"column":null}}},"fnMap":{"0":{"name":"(anonymous_0)","decl":{"start":{"line":82,"column":2},"end":{"line":82,"column":16}},"loc":{"start":{"line":82,"column":16},"end":{"line":84,"column":null}},"line":82},"1":{"name":"(anonymous_1)","decl":{"start":{"line":89,"column":8},"end":{"line":89,"column":21}},"loc":{"start":{"line":89,"column":60},"end":{"line":131,"column":null}},"line":89},"2":{"name":"(anonymous_2)","decl":{"start":{"line":136,"column":8},"end":{"line":136,"column":15}},"loc":{"start":{"line":136,"column":68},"end":{"line":158,"column":null}},"line":136},"3":{"name":"(anonymous_3)","decl":{"start":{"line":140,"column":25},"end":{"line":140,"column":26}},"loc":{"start":{"line":140,"column":37},"end":{"line":140,"column":62}},"line":140},"4":{"name":"(anonymous_4)","decl":{"start":{"line":143,"column":40},"end":{"line":143,"column":41}},"loc":{"start":{"line":143,"column":59},"end":{"line":143,"column":69}},"line":143},"5":{"name":"(anonymous_5)","decl":{"start":{"line":163,"column":8},"end":{"line":163,"column":26}},"loc":{"start":{"line":163,"column":98},"end":{"line":170,"column":null}},"line":163},"6":{"name":"(anonymous_6)","decl":{"start":{"line":175,"column":8},"end":{"line":175,"column":24}},"loc":{"start":{"line":175,"column":96},"end":{"line":182,"column":null}},"line":175},"7":{"name":"(anonymous_7)","decl":{"start":{"line":187,"column":8},"end":{"line":187,"column":30}},"loc":{"start":{"line":187,"column":103},"end":{"line":196,"column":null}},"line":187},"8":{"name":"(anonymous_8)","decl":{"start":{"line":201,"column":8},"end":{"line":201,"column":20}},"loc":{"start":{"line":201,"column":93},"end":{"line":210,"column":null}},"line":201},"9":{"name":"(anonymous_9)","decl":{"start":{"line":215,"column":8},"end":{"line":215,"column":25}},"loc":{"start":{"line":215,"column":91},"end":{"line":221,"column":null}},"line":215},"10":{"name":"(anonymous_10)","decl":{"start":{"line":226,"column":8},"end":{"line":226,"column":29}},"loc":{"start":{"line":226,"column":68},"end":{"line":228,"column":null}},"line":226},"11":{"name":"(anonymous_11)","decl":{"start":{"line":233,"column":10},"end":{"line":233,"column":23}},"loc":{"start":{"line":233,"column":66},"end":{"line":236,"column":null}},"line":233},"12":{"name":"(anonymous_12)","decl":{"start":{"line":241,"column":10},"end":{"line":241,"column":23}},"loc":{"start":{"line":241,"column":76},"end":{"line":293,"column":null}},"line":241},"13":{"name":"(anonymous_13)","decl":{"start":{"line":242,"column":25},"end":{"line":242,"column":26}},"loc":{"start":{"line":242,"column":36},"end":{"line":292,"column":5}},"line":242},"14":{"name":"(anonymous_14)","decl":{"start":{"line":298,"column":8},"end":{"line":298,"column":25}},"loc":{"start":{"line":298,"column":86},"end":{"line":339,"column":null}},"line":298},"15":{"name":"(anonymous_15)","decl":{"start":{"line":311,"column":48},"end":{"line":311,"column":49}},"loc":{"start":{"line":311,"column":65},"end":{"line":327,"column":8}},"line":311}},"branchMap":{"0":{"loc":{"start":{"line":94,"column":6},"end":{"line":97,"column":null}},"type":"if","locations":[{"start":{"line":94,"column":6},"end":{"line":97,"column":null}},{"start":{},"end":{}}],"line":94},"1":{"loc":{"start":{"line":94,"column":10},"end":{"line":94,"column":49}},"type":"binary-expr","locations":[{"start":{"line":94,"column":10},"end":{"line":94,"column":21}},{"start":{"line":94,"column":21},"end":{"line":94,"column":49}}],"line":94},"2":{"loc":{"start":{"line":100,"column":28},"end":{"line":100,"column":null}},"type":"binary-expr","locations":[{"start":{"line":100,"column":28},"end":{"line":100,"column":65}},{"start":{"line":100,"column":65},"end":{"line":100,"column":null}}],"line":100},"3":{"loc":{"start":{"line":104,"column":29},"end":{"line":104,"column":null}},"type":"binary-expr","locations":[{"start":{"line":104,"column":29},"end":{"line":104,"column":54}},{"start":{"line":104,"column":54},"end":{"line":104,"column":null}}],"line":104},"4":{"loc":{"start":{"line":108,"column":16},"end":{"line":108,"column":null}},"type":"binary-expr","locations":[{"start":{"line":108,"column":16},"end":{"line":108,"column":33}},{"start":{"line":108,"column":33},"end":{"line":108,"column":null}}],"line":108},"5":{"loc":{"start":{"line":109,"column":21},"end":{"line":109,"column":null}},"type":"binary-expr","locations":[{"start":{"line":109,"column":21},"end":{"line":109,"column":40}},{"start":{"line":109,"column":40},"end":{"line":109,"column":null}}],"line":109},"6":{"loc":{"start":{"line":119,"column":23},"end":{"line":119,"column":null}},"type":"cond-expr","locations":[{"start":{"line":119,"column":46},"end":{"line":119,"column":75}},{"start":{"line":119,"column":75},"end":{"line":119,"column":null}}],"line":119},"7":{"loc":{"start":{"line":128,"column":60},"end":{"line":128,"column":106}},"type":"cond-expr","locations":[{"start":{"line":128,"column":85},"end":{"line":128,"column":101}},{"start":{"line":128,"column":101},"end":{"line":128,"column":106}}],"line":128},"8":{"loc":{"start":{"line":163,"column":52},"end":{"line":163,"column":98}},"type":"default-arg","locations":[{"start":{"line":163,"column":68},"end":{"line":163,"column":98}}],"line":163},"9":{"loc":{"start":{"line":175,"column":50},"end":{"line":175,"column":96}},"type":"default-arg","locations":[{"start":{"line":175,"column":66},"end":{"line":175,"column":96}}],"line":175},"10":{"loc":{"start":{"line":187,"column":57},"end":{"line":187,"column":103}},"type":"default-arg","locations":[{"start":{"line":187,"column":73},"end":{"line":187,"column":103}}],"line":187},"11":{"loc":{"start":{"line":192,"column":4},"end":{"line":194,"column":null}},"type":"if","locations":[{"start":{"line":192,"column":4},"end":{"line":194,"column":null}},{"start":{},"end":{}}],"line":192},"12":{"loc":{"start":{"line":201,"column":47},"end":{"line":201,"column":93}},"type":"default-arg","locations":[{"start":{"line":201,"column":63},"end":{"line":201,"column":93}}],"line":201},"13":{"loc":{"start":{"line":206,"column":4},"end":{"line":208,"column":null}},"type":"if","locations":[{"start":{"line":206,"column":4},"end":{"line":208,"column":null}},{"start":{},"end":{}}],"line":206},"14":{"loc":{"start":{"line":215,"column":45},"end":{"line":215,"column":91}},"type":"default-arg","locations":[{"start":{"line":215,"column":61},"end":{"line":215,"column":91}}],"line":215},"15":{"loc":{"start":{"line":234,"column":4},"end":{"line":234,"column":null}},"type":"if","locations":[{"start":{"line":234,"column":4},"end":{"line":234,"column":null}},{"start":{},"end":{}}],"line":234},"16":{"loc":{"start":{"line":244,"column":6},"end":{"line":246,"column":null}},"type":"if","locations":[{"start":{"line":244,"column":6},"end":{"line":246,"column":null}},{"start":{},"end":{}}],"line":244},"17":{"loc":{"start":{"line":244,"column":10},"end":{"line":244,"column":96}},"type":"binary-expr","locations":[{"start":{"line":244,"column":10},"end":{"line":244,"column":35}},{"start":{"line":244,"column":35},"end":{"line":244,"column":55}},{"start":{"line":244,"column":55},"end":{"line":244,"column":96}}],"line":244},"18":{"loc":{"start":{"line":247,"column":6},"end":{"line":249,"column":null}},"type":"if","locations":[{"start":{"line":247,"column":6},"end":{"line":249,"column":null}},{"start":{},"end":{}}],"line":247},"19":{"loc":{"start":{"line":247,"column":10},"end":{"line":247,"column":96}},"type":"binary-expr","locations":[{"start":{"line":247,"column":10},"end":{"line":247,"column":35}},{"start":{"line":247,"column":35},"end":{"line":247,"column":55}},{"start":{"line":247,"column":55},"end":{"line":247,"column":96}}],"line":247},"20":{"loc":{"start":{"line":252,"column":6},"end":{"line":254,"column":null}},"type":"if","locations":[{"start":{"line":252,"column":6},"end":{"line":254,"column":null}},{"start":{},"end":{}}],"line":252},"21":{"loc":{"start":{"line":252,"column":10},"end":{"line":252,"column":80}},"type":"binary-expr","locations":[{"start":{"line":252,"column":10},"end":{"line":252,"column":31}},{"start":{"line":252,"column":31},"end":{"line":252,"column":47}},{"start":{"line":252,"column":47},"end":{"line":252,"column":80}}],"line":252},"22":{"loc":{"start":{"line":255,"column":6},"end":{"line":257,"column":null}},"type":"if","locations":[{"start":{"line":255,"column":6},"end":{"line":257,"column":null}},{"start":{},"end":{}}],"line":255},"23":{"loc":{"start":{"line":255,"column":10},"end":{"line":255,"column":80}},"type":"binary-expr","locations":[{"start":{"line":255,"column":10},"end":{"line":255,"column":31}},{"start":{"line":255,"column":31},"end":{"line":255,"column":47}},{"start":{"line":255,"column":47},"end":{"line":255,"column":80}}],"line":255},"24":{"loc":{"start":{"line":260,"column":6},"end":{"line":262,"column":null}},"type":"if","locations":[{"start":{"line":260,"column":6},"end":{"line":262,"column":null}},{"start":{},"end":{}}],"line":260},"25":{"loc":{"start":{"line":260,"column":10},"end":{"line":260,"column":68}},"type":"binary-expr","locations":[{"start":{"line":260,"column":10},"end":{"line":260,"column":28}},{"start":{"line":260,"column":28},"end":{"line":260,"column":41}},{"start":{"line":260,"column":41},"end":{"line":260,"column":68}}],"line":260},"26":{"loc":{"start":{"line":263,"column":6},"end":{"line":265,"column":null}},"type":"if","locations":[{"start":{"line":263,"column":6},"end":{"line":265,"column":null}},{"start":{},"end":{}}],"line":263},"27":{"loc":{"start":{"line":263,"column":10},"end":{"line":263,"column":68}},"type":"binary-expr","locations":[{"start":{"line":263,"column":10},"end":{"line":263,"column":28}},{"start":{"line":263,"column":28},"end":{"line":263,"column":41}},{"start":{"line":263,"column":41},"end":{"line":263,"column":68}}],"line":263},"28":{"loc":{"start":{"line":268,"column":6},"end":{"line":270,"column":null}},"type":"if","locations":[{"start":{"line":268,"column":6},"end":{"line":270,"column":null}},{"start":{},"end":{}}],"line":268},"29":{"loc":{"start":{"line":268,"column":10},"end":{"line":268,"column":112}},"type":"binary-expr","locations":[{"start":{"line":268,"column":10},"end":{"line":268,"column":39}},{"start":{"line":268,"column":39},"end":{"line":268,"column":63}},{"start":{"line":268,"column":63},"end":{"line":268,"column":112}}],"line":268},"30":{"loc":{"start":{"line":273,"column":6},"end":{"line":278,"column":null}},"type":"if","locations":[{"start":{"line":273,"column":6},"end":{"line":278,"column":null}},{"start":{},"end":{}}],"line":273},"31":{"loc":{"start":{"line":273,"column":10},"end":{"line":273,"column":76}},"type":"binary-expr","locations":[{"start":{"line":273,"column":10},"end":{"line":273,"column":42}},{"start":{"line":273,"column":42},"end":{"line":273,"column":76}}],"line":273},"32":{"loc":{"start":{"line":275,"column":8},"end":{"line":277,"column":null}},"type":"if","locations":[{"start":{"line":275,"column":8},"end":{"line":277,"column":null}},{"start":{},"end":{}}],"line":275},"33":{"loc":{"start":{"line":279,"column":6},"end":{"line":284,"column":null}},"type":"if","locations":[{"start":{"line":279,"column":6},"end":{"line":284,"column":null}},{"start":{},"end":{}}],"line":279},"34":{"loc":{"start":{"line":279,"column":10},"end":{"line":279,"column":76}},"type":"binary-expr","locations":[{"start":{"line":279,"column":10},"end":{"line":279,"column":42}},{"start":{"line":279,"column":42},"end":{"line":279,"column":76}}],"line":279},"35":{"loc":{"start":{"line":281,"column":8},"end":{"line":283,"column":null}},"type":"if","locations":[{"start":{"line":281,"column":8},"end":{"line":283,"column":null}},{"start":{},"end":{}}],"line":281},"36":{"loc":{"start":{"line":287,"column":6},"end":{"line":289,"column":null}},"type":"if","locations":[{"start":{"line":287,"column":6},"end":{"line":289,"column":null}},{"start":{},"end":{}}],"line":287},"37":{"loc":{"start":{"line":287,"column":10},"end":{"line":287,"column":61}},"type":"binary-expr","locations":[{"start":{"line":287,"column":10},"end":{"line":287,"column":28}},{"start":{"line":287,"column":28},"end":{"line":287,"column":61}}],"line":287},"38":{"loc":{"start":{"line":292,"column":16},"end":{"line":292,"column":35}},"type":"binary-expr","locations":[{"start":{"line":292,"column":16},"end":{"line":292,"column":33}},{"start":{"line":292,"column":33},"end":{"line":292,"column":35}}],"line":292},"39":{"loc":{"start":{"line":298,"column":40},"end":{"line":298,"column":86}},"type":"default-arg","locations":[{"start":{"line":298,"column":56},"end":{"line":298,"column":86}}],"line":298},"40":{"loc":{"start":{"line":306,"column":6},"end":{"line":309,"column":null}},"type":"if","locations":[{"start":{"line":306,"column":6},"end":{"line":309,"column":null}},{"start":{},"end":{}}],"line":306},"41":{"loc":{"start":{"line":306,"column":10},"end":{"line":306,"column":37}},"type":"binary-expr","locations":[{"start":{"line":306,"column":10},"end":{"line":306,"column":21}},{"start":{"line":306,"column":21},"end":{"line":306,"column":37}}],"line":306},"42":{"loc":{"start":{"line":313,"column":21},"end":{"line":313,"column":null}},"type":"binary-expr","locations":[{"start":{"line":313,"column":21},"end":{"line":313,"column":39}},{"start":{"line":313,"column":39},"end":{"line":313,"column":58}},{"start":{"line":313,"column":58},"end":{"line":313,"column":null}}],"line":313},"43":{"loc":{"start":{"line":317,"column":24},"end":{"line":317,"column":null}},"type":"binary-expr","locations":[{"start":{"line":317,"column":24},"end":{"line":317,"column":48}},{"start":{"line":317,"column":48},"end":{"line":317,"column":null}}],"line":317},"44":{"loc":{"start":{"line":318,"column":22},"end":{"line":318,"column":null}},"type":"binary-expr","locations":[{"start":{"line":318,"column":22},"end":{"line":318,"column":54}},{"start":{"line":318,"column":54},"end":{"line":318,"column":null}}],"line":318},"45":{"loc":{"start":{"line":323,"column":23},"end":{"line":323,"column":null}},"type":"cond-expr","locations":[{"start":{"line":323,"column":59},"end":{"line":323,"column":101}},{"start":{"line":323,"column":101},"end":{"line":323,"column":null}}],"line":323},"46":{"loc":{"start":{"line":336,"column":58},"end":{"line":336,"column":104}},"type":"cond-expr","locations":[{"start":{"line":336,"column":83},"end":{"line":336,"column":99}},{"start":{"line":336,"column":99},"end":{"line":336,"column":104}}],"line":336}},"s":{"0":79,"1":79,"2":819,"3":819,"4":819,"5":819,"6":21,"7":21,"8":798,"9":798,"10":819,"11":819,"12":819,"13":819,"14":819,"15":819,"16":0,"17":0,"18":7,"19":7,"20":7,"21":819,"22":7,"23":819,"24":7,"25":7,"26":7,"27":7,"28":0,"29":0,"30":0,"31":0,"32":0,"33":0,"34":0,"35":0,"36":0,"37":0,"38":0,"39":0,"40":0,"41":0,"42":0,"43":0,"44":0,"45":1596,"46":0,"47":1596,"48":7,"49":798,"50":0,"51":798,"52":0,"53":798,"54":0,"55":798,"56":80,"57":718,"58":0,"59":718,"60":0,"61":718,"62":0,"63":718,"64":114,"65":114,"66":73,"67":645,"68":0,"69":0,"70":0,"71":645,"72":0,"73":645,"74":5,"75":5,"76":5,"77":5,"78":0,"79":0,"80":5,"81":19,"82":5,"83":5,"84":0,"85":0},"f":{"0":79,"1":819,"2":7,"3":819,"4":819,"5":0,"6":0,"7":0,"8":0,"9":0,"10":0,"11":1596,"12":7,"13":798,"14":5,"15":19},"b":{"0":[21,798],"1":[819,798],"2":[798,0],"3":[819,798],"4":[819,0],"5":[819,0],"6":[574,224],"7":[0,0],"8":[0],"9":[0],"10":[0],"11":[0,0],"12":[0],"13":[0,0],"14":[0],"15":[0,1596],"16":[0,798],"17":[798,0,0],"18":[0,798],"19":[798,0,0],"20":[0,798],"21":[798,228,228],"22":[80,718],"23":[798,114,114],"24":[0,718],"25":[718,0,0],"26":[0,718],"27":[718,0,0],"28":[0,718],"29":[718,0,0],"30":[114,604],"31":[718,114],"32":[73,41],"33":[0,645],"34":[645,0],"35":[0,0],"36":[0,645],"37":[645,0],"38":[7,3],"39":[5],"40":[0,5],"41":[5,5],"42":[19,0,0],"43":[19,19],"44":[19,19],"45":[1,18],"46":[0,0]},"meta":{"lastBranch":47,"lastFunction":16,"lastStatement":86,"seen":{"f:82:2:82:16":0,"s:44:2:79:Infinity":0,"s:83:4:83:Infinity":1,"f:89:8:89:21":1,"s:90:4:130:Infinity":2,"s:91:6:91:Infinity":3,"s:92:26:92:Infinity":4,"b:94:6:97:Infinity:undefined:undefined:undefined:undefined":0,"s:94:6:97:Infinity":5,"b:94:10:94:21:94:21:94:49":1,"s:95:8:95:Infinity":6,"s:96:8:96:Infinity":7,"s:99:20:99:Infinity":8,"s:100:28:100:Infinity":9,"b:100:28:100:65:100:65:100:Infinity":2,"s:101:18:101:Infinity":10,"s:104:29:104:Infinity":11,"b:104:29:104:54:104:54:104:Infinity":3,"s:105:27:105:Infinity":12,"s:107:27:123:Infinity":13,"b:108:16:108:33:108:33:108:Infinity":4,"b:109:21:109:40:109:40:109:Infinity":5,"b:119:46:119:75:119:75:119:Infinity":6,"s:125:6:125:Infinity":14,"s:126:6:126:Infinity":15,"s:128:6:128:Infinity":16,"b:128:85:128:101:128:101:128:106":7,"s:129:6:129:Infinity":17,"f:136:8:136:15":2,"s:137:4:157:Infinity":18,"s:138:6:138:Infinity":19,"s:139:21:141:Infinity":20,"f:140:25:140:26":3,"s:140:37:140:62":21,"s:143:26:143:Infinity":22,"f:143:40:143:41":4,"s:143:59:143:69":23,"s:144:6:144:Infinity":24,"s:146:23:146:Infinity":25,"s:147:6:147:Infinity":26,"s:149:6:153:Infinity":27,"s:155:6:155:Infinity":28,"s:156:6:156:Infinity":29,"f:163:8:163:26":5,"b:163:68:163:98":8,"s:164:38:168:Infinity":30,"s:169:4:169:Infinity":31,"f:175:8:175:24":6,"b:175:66:175:96":9,"s:176:38:180:Infinity":32,"s:181:4:181:Infinity":33,"f:187:8:187:30":7,"b:187:73:187:103":10,"s:188:38:191:Infinity":34,"b:192:4:194:Infinity:undefined:undefined:undefined:undefined":11,"s:192:4:194:Infinity":35,"s:193:6:193:Infinity":36,"s:195:4:195:Infinity":37,"f:201:8:201:20":8,"b:201:63:201:93":12,"s:202:38:205:Infinity":38,"b:206:4:208:Infinity:undefined:undefined:undefined:undefined":13,"s:206:4:208:Infinity":39,"s:207:6:207:Infinity":40,"s:209:4:209:Infinity":41,"f:215:8:215:25":9,"b:215:61:215:91":14,"s:216:38:219:Infinity":42,"s:220:4:220:Infinity":43,"f:226:8:226:29":10,"s:227:4:227:Infinity":44,"f:233:10:233:23":11,"b:234:4:234:Infinity:undefined:undefined:undefined:undefined":15,"s:234:4:234:Infinity":45,"s:234:24:234:Infinity":46,"s:235:4:235:Infinity":47,"f:241:10:241:23":12,"s:242:4:292:Infinity":48,"f:242:25:242:26":13,"b:244:6:246:Infinity:undefined:undefined:undefined:undefined":16,"s:244:6:246:Infinity":49,"b:244:10:244:35:244:35:244:55:244:55:244:96":17,"s:245:8:245:Infinity":50,"b:247:6:249:Infinity:undefined:undefined:undefined:undefined":18,"s:247:6:249:Infinity":51,"b:247:10:247:35:247:35:247:55:247:55:247:96":19,"s:248:8:248:Infinity":52,"b:252:6:254:Infinity:undefined:undefined:undefined:undefined":20,"s:252:6:254:Infinity":53,"b:252:10:252:31:252:31:252:47:252:47:252:80":21,"s:253:8:253:Infinity":54,"b:255:6:257:Infinity:undefined:undefined:undefined:undefined":22,"s:255:6:257:Infinity":55,"b:255:10:255:31:255:31:255:47:255:47:255:80":23,"s:256:8:256:Infinity":56,"b:260:6:262:Infinity:undefined:undefined:undefined:undefined":24,"s:260:6:262:Infinity":57,"b:260:10:260:28:260:28:260:41:260:41:260:68":25,"s:261:8:261:Infinity":58,"b:263:6:265:Infinity:undefined:undefined:undefined:undefined":26,"s:263:6:265:Infinity":59,"b:263:10:263:28:263:28:263:41:263:41:263:68":27,"s:264:8:264:Infinity":60,"b:268:6:270:Infinity:undefined:undefined:undefined:undefined":28,"s:268:6:270:Infinity":61,"b:268:10:268:39:268:39:268:63:268:63:268:112":29,"s:269:8:269:Infinity":62,"b:273:6:278:Infinity:undefined:undefined:undefined:undefined":30,"s:273:6:278:Infinity":63,"b:273:10:273:42:273:42:273:76":31,"s:274:23:274:Infinity":64,"b:275:8:277:Infinity:undefined:undefined:undefined:undefined":32,"s:275:8:277:Infinity":65,"s:276:10:276:Infinity":66,"b:279:6:284:Infinity:undefined:undefined:undefined:undefined":33,"s:279:6:284:Infinity":67,"b:279:10:279:42:279:42:279:76":34,"s:280:23:280:Infinity":68,"b:281:8:283:Infinity:undefined:undefined:undefined:undefined":35,"s:281:8:283:Infinity":69,"s:282:10:282:Infinity":70,"b:287:6:289:Infinity:undefined:undefined:undefined:undefined":36,"s:287:6:289:Infinity":71,"b:287:10:287:28:287:28:287:61":37,"s:288:8:288:Infinity":72,"s:291:6:291:Infinity":73,"b:292:16:292:33:292:33:292:35":38,"f:298:8:298:25":14,"b:298:56:298:86":39,"s:299:4:338:Infinity":74,"s:300:6:300:Infinity":75,"s:301:26:304:Infinity":76,"b:306:6:309:Infinity:undefined:undefined:undefined:undefined":40,"s:306:6:309:Infinity":77,"b:306:10:306:21:306:21:306:37":41,"s:307:8:307:Infinity":78,"s:308:8:308:Infinity":79,"s:311:30:327:Infinity":80,"f:311:48:311:49":15,"s:311:65:327:8":81,"b:313:21:313:39:313:39:313:58:313:58:313:Infinity":42,"b:317:24:317:48:317:48:317:Infinity":43,"b:318:22:318:54:318:54:318:Infinity":44,"b:323:59:323:101:323:101:323:Infinity":45,"s:329:6:329:Infinity":82,"s:330:6:334:Infinity":83,"s:336:6:336:Infinity":84,"b:336:83:336:99:336:99:336:104":46,"s:337:6:337:Infinity":85}}}
}
