TN:
SF:server.ts
FN:24,(anonymous_0)
FN:45,(anonymous_1)
FN:63,(anonymous_2)
FN:77,(anonymous_3)
FN:91,(anonymous_4)
FN:105,(anonymous_5)
FN:119,(anonymous_6)
FN:133,(anonymous_7)
FN:145,(anonymous_8)
FN:148,(anonymous_9)
FN:166,(anonymous_10)
FN:184,(anonymous_11)
FN:201,(anonymous_12)
FN:206,(anonymous_13)
FN:212,(anonymous_14)
FNF:15
FNH:0
FNDA:0,(anonymous_0)
FNDA:0,(anonymous_1)
FNDA:0,(anonymous_2)
FNDA:0,(anonymous_3)
FNDA:0,(anonymous_4)
FNDA:0,(anonymous_5)
FNDA:0,(anonymous_6)
FNDA:0,(anonymous_7)
FNDA:0,(anonymous_8)
FNDA:0,(anonymous_9)
FNDA:0,(anonymous_10)
FNDA:0,(anonymous_11)
FNDA:0,(anonymous_12)
FNDA:0,(anonymous_13)
FNDA:0,(anonymous_14)
DA:6,0
DA:8,0
DA:9,0
DA:12,0
DA:13,0
DA:16,0
DA:24,0
DA:25,0
DA:26,0
DA:28,0
DA:29,0
DA:30,0
DA:33,0
DA:34,0
DA:36,0
DA:37,0
DA:45,0
DA:46,0
DA:47,0
DA:48,0
DA:49,0
DA:50,0
DA:51,0
DA:52,0
DA:54,0
DA:55,0
DA:63,0
DA:64,0
DA:65,0
DA:66,0
DA:67,0
DA:69,0
DA:77,0
DA:78,0
DA:79,0
DA:80,0
DA:81,0
DA:83,0
DA:91,0
DA:92,0
DA:93,0
DA:94,0
DA:95,0
DA:97,0
DA:105,0
DA:106,0
DA:107,0
DA:108,0
DA:109,0
DA:111,0
DA:119,0
DA:120,0
DA:121,0
DA:122,0
DA:123,0
DA:125,0
DA:133,0
DA:134,0
DA:135,0
DA:137,0
DA:138,0
DA:139,0
DA:142,0
DA:144,0
DA:145,0
DA:148,0
DA:149,0
DA:151,0
DA:157,0
DA:158,0
DA:166,0
DA:167,0
DA:168,0
DA:169,0
DA:170,0
DA:171,0
DA:172,0
DA:174,0
DA:176,0
DA:184,0
DA:185,0
DA:195,0
DA:201,0
DA:202,0
DA:206,0
DA:207,0
DA:208,0
DA:212,0
DA:213,0
DA:214,0
LF:90
LH:0
BRDA:9,0,0,0
BRDA:9,0,1,0
BRDA:28,1,0,0
BRDA:28,1,1,0
BRDA:33,2,0,0
BRDA:33,2,1,0
BRDA:37,3,0,0
BRDA:37,3,1,0
BRDA:55,4,0,0
BRDA:55,4,1,0
BRDA:66,5,0,0
BRDA:66,5,1,0
BRDA:69,6,0,0
BRDA:69,6,1,0
BRDA:80,7,0,0
BRDA:80,7,1,0
BRDA:83,8,0,0
BRDA:83,8,1,0
BRDA:94,9,0,0
BRDA:94,9,1,0
BRDA:94,10,0,0
BRDA:94,10,1,0
BRDA:97,11,0,0
BRDA:97,11,1,0
BRDA:108,12,0,0
BRDA:108,12,1,0
BRDA:108,13,0,0
BRDA:108,13,1,0
BRDA:111,14,0,0
BRDA:111,14,1,0
BRDA:122,15,0,0
BRDA:122,15,1,0
BRDA:125,16,0,0
BRDA:125,16,1,0
BRDA:137,17,0,0
BRDA:137,17,1,0
BRDA:137,18,0,0
BRDA:137,18,1,0
BRDA:137,18,2,0
BRDA:158,19,0,0
BRDA:158,19,1,0
BRDA:170,20,0,0
BRDA:170,20,1,0
BRDA:176,21,0,0
BRDA:176,21,1,0
BRF:45
BRH:0
end_of_record
TN:
SF:api/src/yahoo-client.ts
FN:82,(anonymous_0)
FN:89,(anonymous_1)
FN:136,(anonymous_2)
FN:140,(anonymous_3)
FN:143,(anonymous_4)
FN:163,(anonymous_5)
FN:175,(anonymous_6)
FN:187,(anonymous_7)
FN:201,(anonymous_8)
FN:215,(anonymous_9)
FN:226,(anonymous_10)
FN:233,(anonymous_11)
FN:241,(anonymous_12)
FN:242,(anonymous_13)
FN:298,(anonymous_14)
FN:311,(anonymous_15)
FNF:16
FNH:10
FNDA:79,(anonymous_0)
FNDA:819,(anonymous_1)
FNDA:7,(anonymous_2)
FNDA:819,(anonymous_3)
FNDA:819,(anonymous_4)
FNDA:0,(anonymous_5)
FNDA:0,(anonymous_6)
FNDA:0,(anonymous_7)
FNDA:0,(anonymous_8)
FNDA:0,(anonymous_9)
FNDA:0,(anonymous_10)
FNDA:1596,(anonymous_11)
FNDA:7,(anonymous_12)
FNDA:798,(anonymous_13)
FNDA:5,(anonymous_14)
FNDA:19,(anonymous_15)
DA:44,79
DA:83,79
DA:90,819
DA:91,819
DA:92,819
DA:94,819
DA:95,21
DA:96,21
DA:99,798
DA:100,798
DA:101,819
DA:104,819
DA:105,819
DA:107,819
DA:125,819
DA:126,819
DA:128,0
DA:129,0
DA:137,7
DA:138,7
DA:139,7
DA:140,819
DA:143,819
DA:144,7
DA:146,7
DA:147,7
DA:149,7
DA:155,0
DA:156,0
DA:164,0
DA:169,0
DA:176,0
DA:181,0
DA:188,0
DA:192,0
DA:193,0
DA:195,0
DA:202,0
DA:206,0
DA:207,0
DA:209,0
DA:216,0
DA:220,0
DA:227,0
DA:234,1596
DA:235,1596
DA:242,7
DA:244,798
DA:245,0
DA:247,798
DA:248,0
DA:252,798
DA:253,0
DA:255,798
DA:256,80
DA:260,718
DA:261,0
DA:263,718
DA:264,0
DA:268,718
DA:269,0
DA:273,718
DA:274,114
DA:275,114
DA:276,73
DA:279,645
DA:280,0
DA:281,0
DA:282,0
DA:287,645
DA:288,0
DA:291,645
DA:299,5
DA:300,5
DA:301,5
DA:306,5
DA:307,0
DA:308,0
DA:311,19
DA:329,5
DA:330,5
DA:336,0
DA:337,0
LF:83
LH:50
BRDA:94,0,0,21
BRDA:94,0,1,798
BRDA:94,1,0,819
BRDA:94,1,1,798
BRDA:100,2,0,798
BRDA:100,2,1,0
BRDA:104,3,0,819
BRDA:104,3,1,798
BRDA:108,4,0,819
BRDA:108,4,1,0
BRDA:109,5,0,819
BRDA:109,5,1,0
BRDA:119,6,0,574
BRDA:119,6,1,224
BRDA:128,7,0,0
BRDA:128,7,1,0
BRDA:163,8,0,0
BRDA:175,9,0,0
BRDA:187,10,0,0
BRDA:192,11,0,0
BRDA:192,11,1,0
BRDA:201,12,0,0
BRDA:206,13,0,0
BRDA:206,13,1,0
BRDA:215,14,0,0
BRDA:234,15,0,0
BRDA:234,15,1,1596
BRDA:244,16,0,0
BRDA:244,16,1,798
BRDA:244,17,0,798
BRDA:244,17,1,0
BRDA:244,17,2,0
BRDA:247,18,0,0
BRDA:247,18,1,798
BRDA:247,19,0,798
BRDA:247,19,1,0
BRDA:247,19,2,0
BRDA:252,20,0,0
BRDA:252,20,1,798
BRDA:252,21,0,798
BRDA:252,21,1,228
BRDA:252,21,2,228
BRDA:255,22,0,80
BRDA:255,22,1,718
BRDA:255,23,0,798
BRDA:255,23,1,114
BRDA:255,23,2,114
BRDA:260,24,0,0
BRDA:260,24,1,718
BRDA:260,25,0,718
BRDA:260,25,1,0
BRDA:260,25,2,0
BRDA:263,26,0,0
BRDA:263,26,1,718
BRDA:263,27,0,718
BRDA:263,27,1,0
BRDA:263,27,2,0
BRDA:268,28,0,0
BRDA:268,28,1,718
BRDA:268,29,0,718
BRDA:268,29,1,0
BRDA:268,29,2,0
BRDA:273,30,0,114
BRDA:273,30,1,604
BRDA:273,31,0,718
BRDA:273,31,1,114
BRDA:275,32,0,73
BRDA:275,32,1,41
BRDA:279,33,0,0
BRDA:279,33,1,645
BRDA:279,34,0,645
BRDA:279,34,1,0
BRDA:281,35,0,0
BRDA:281,35,1,0
BRDA:287,36,0,0
BRDA:287,36,1,645
BRDA:287,37,0,645
BRDA:287,37,1,0
BRDA:292,38,0,7
BRDA:292,38,1,3
BRDA:298,39,0,5
BRDA:306,40,0,0
BRDA:306,40,1,5
BRDA:306,41,0,5
BRDA:306,41,1,5
BRDA:313,42,0,19
BRDA:313,42,1,0
BRDA:313,42,2,0
BRDA:317,43,0,19
BRDA:317,43,1,19
BRDA:318,44,0,19
BRDA:318,44,1,19
BRDA:323,45,0,1
BRDA:323,45,1,18
BRDA:336,46,0,0
BRDA:336,46,1,0
BRF:96
BRH:54
end_of_record
